d:\моё\универ\2 курс\1 семестр\кпо курсач\курсовое проектирование\paa-2022\paa-2022\debug\vc143.pdb
d:\моё\универ\2 курс\1 семестр\кпо курсач\курсовое проектирование\paa-2022\paa-2022\debug\vc143.idb
d:\моё\универ\2 курс\1 семестр\кпо курсач\курсовое проектирование\paa-2022\paa-2022\debug\stdafx.obj
d:\моё\универ\2 курс\1 семестр\кпо курсач\курсовое проектирование\paa-2022\paa-2022\debug\sem.obj
d:\моё\универ\2 курс\1 семестр\кпо курсач\курсовое проектирование\paa-2022\paa-2022\debug\pn.obj
d:\моё\универ\2 курс\1 семестр\кпо курсач\курсовое проектирование\paa-2022\paa-2022\debug\parm.obj
d:\моё\универ\2 курс\1 семестр\кпо курсач\курсовое проектирование\paa-2022\paa-2022\debug\cg.obj
d:\моё\универ\2 курс\1 семестр\кпо курсач\курсовое проектирование\paa-2022\paa-2022\debug\paa-2022.obj
d:\моё\универ\2 курс\1 семестр\кпо курсач\курсовое проектирование\paa-2022\paa-2022\debug\mfst.obj
d:\моё\универ\2 курс\1 семестр\кпо курсач\курсовое проектирование\paa-2022\paa-2022\debug\lt.obj
d:\моё\универ\2 курс\1 семестр\кпо курсач\курсовое проектирование\paa-2022\paa-2022\debug\log.obj
d:\моё\универ\2 курс\1 семестр\кпо курсач\курсовое проектирование\paa-2022\paa-2022\debug\lex.obj
d:\моё\универ\2 курс\1 семестр\кпо курсач\курсовое проектирование\paa-2022\paa-2022\debug\it.obj
d:\моё\универ\2 курс\1 семестр\кпо курсач\курсовое проектирование\paa-2022\paa-2022\debug\in.obj
d:\моё\универ\2 курс\1 семестр\кпо курсач\курсовое проектирование\paa-2022\paa-2022\debug\grb.obj
d:\моё\универ\2 курс\1 семестр\кпо курсач\курсовое проектирование\paa-2022\paa-2022\debug\error.obj
d:\моё\универ\2 курс\1 семестр\кпо курсач\курсовое проектирование\paa-2022\debug\paa-2022.exe
d:\моё\универ\2 курс\1 семестр\кпо курсач\курсовое проектирование\paa-2022\paa-2022\debug\paa-2022.ilk
d:\моё\универ\2 курс\1 семестр\кпо курсач\курсовое проектирование\paa-2022\debug\paa-2022.pdb
d:\моё\универ\2 курс\1 семестр\кпо курсач\курсовое проектирование\paa-2022\paa-2022\debug\paa-2022.tlog\cl.command.1.tlog
d:\моё\универ\2 курс\1 семестр\кпо курсач\курсовое проектирование\paa-2022\paa-2022\debug\paa-2022.tlog\cl.read.1.tlog
d:\моё\универ\2 курс\1 семестр\кпо курсач\курсовое проектирование\paa-2022\paa-2022\debug\paa-2022.tlog\cl.write.1.tlog
d:\моё\универ\2 курс\1 семестр\кпо курсач\курсовое проектирование\paa-2022\paa-2022\debug\paa-2022.tlog\link.command.1.tlog
d:\моё\универ\2 курс\1 семестр\кпо курсач\курсовое проектирование\paa-2022\paa-2022\debug\paa-2022.tlog\link.read.1.tlog
d:\моё\универ\2 курс\1 семестр\кпо курсач\курсовое проектирование\paa-2022\paa-2022\debug\paa-2022.tlog\link.write.1.tlog
