  Error.cpp
  GRB.cpp
  In.cpp
D:\Моё\Универ\2 курс\1 семестр\Курсовое проектирование\PAA-2022\PAA-2022\In.h(2,10): warning C4067: непредвиденные лексемы за директивой препроцессора, требуется newline
  IT.cpp
  Lex.cpp
D:\Моё\Универ\2 курс\1 семестр\Курсовое проектирование\PAA-2022\PAA-2022\In.h(2,10): warning C4067: непредвиденные лексемы за директивой препроцессора, требуется newline
D:\Моё\Универ\2 курс\1 семестр\Курсовое проектирование\PAA-2022\PAA-2022\Lex.cpp(46,30): warning C4018: <: несоответствие типов со знаком и без знака
  Log.cpp
D:\Моё\Универ\2 курс\1 семестр\Курсовое проектирование\PAA-2022\PAA-2022\In.h(2,10): warning C4067: непредвиденные лексемы за директивой препроцессора, требуется newline
  LT.cpp
D:\Моё\Универ\2 курс\1 семестр\Курсовое проектирование\PAA-2022\PAA-2022\LT.cpp(1,10): warning C4067: непредвиденные лексемы за директивой препроцессора, требуется newline
  MFST.cpp
D:\Моё\Универ\2 курс\1 семестр\Курсовое проектирование\PAA-2022\PAA-2022\MFST.cpp(239,68): warning C4267: =: преобразование из "size_t" в "short"; возможна потеря данных
  PAA-2022.cpp
D:\Моё\Универ\2 курс\1 семестр\Курсовое проектирование\PAA-2022\PAA-2022\In.h(2,10): warning C4067: непредвиденные лексемы за директивой препроцессора, требуется newline
  CG.cpp
D:\Моё\Универ\2 курс\1 семестр\Курсовое проектирование\PAA-2022\PAA-2022\CG.cpp(101,17): warning C4553: "==": результат выражения не используется; вы хотели использовать "="?
  Parm.cpp
  PN.cpp
  Sem.cpp
  stdafx.cpp
  Создание кода...
  PAA-2022.vcxproj -> D:\Моё\Универ\2 курс\1 семестр\Курсовое проектирование\PAA-2022\Debug\PAA-2022.exe
